models/dict/cmu07a.dic
models/dict/vi_subtitle_know_ascii.dic
models/dict/vidigits_8k.dic
models/grammar/digits.gram
models/grammar/menu.gram
models/grammar/vi_digits.fsg
models/grammar/vi_digits.gram
models/hmm/en-us-semi/README
models/hmm/en-us-semi/feat.params
models/hmm/en-us-semi/mdef
models/hmm/en-us-semi/means
models/hmm/en-us-semi/noisedict
models/hmm/en-us-semi/sendump
models/hmm/en-us-semi/transition_matrices
models/hmm/en-us-semi/variances
models/hmm/vi/feat.params
models/hmm/vi/mdef
models/hmm/vi/means
models/hmm/vi/noisedict
models/hmm/vi/noisedict-01
models/hmm/vi/sendump
models/hmm/vi/transition_matrices
models/hmm/vi/variances
models/hmm/vidigits_8k/feat.params
models/hmm/vidigits_8k/mdef
models/hmm/vidigits_8k/means
models/hmm/vidigits_8k/mixture_weights
models/hmm/vidigits_8k/noisedict
models/hmm/vidigits_8k/sendump
models/hmm/vidigits_8k/transition_matrices
models/hmm/vidigits_8k/variances
models/lm/weather.dmp